SF:lib\app\modules\register\domain\entity\register_email_password_entity.dart
DA:5,1
LF:1
LH:1
end_of_record
SF:lib\app\modules\register\domain\helpers\exceptions.dart
DA:4,0
DA:7,0
DA:11,0
DA:14,0
DA:18,0
DA:21,0
DA:25,0
DA:28,0
DA:32,0
DA:35,0
LF:10
LH:0
end_of_record
SF:lib\app\modules\register\service\firebase_auth_service_impl.dart
DA:10,1
DA:13,1
DA:17,2
DA:18,1
DA:19,1
DA:21,0
DA:22,0
DA:23,0
DA:24,0
DA:25,0
DA:28,0
DA:29,0
DA:30,0
DA:31,0
DA:34,0
DA:35,0
DA:36,0
DA:37,0
DA:40,0
DA:41,0
DA:42,0
DA:43,0
DA:47,1
DA:48,1
DA:49,1
LF:25
LH:8
end_of_record
SF:lib\app\modules\register\external\datasource\register_email_password_datasource_impl.dart
DA:8,0
DA:11,0
DA:14,0
DA:18,0
DA:19,0
DA:20,0
LF:6
LH:0
end_of_record
SF:lib\app\core\helpers\app_exceptions.dart
DA:3,0
DA:9,0
DA:12,0
DA:16,0
LF:4
LH:0
end_of_record
SF:lib\app\modules\register\infra\mapers\register_email_password_entity_mapers.dart
DA:4,0
DA:7,0
DA:9,0
DA:12,0
DA:13,0
DA:14,0
DA:17,0
DA:18,0
DA:19,0
DA:20,0
LF:10
LH:0
end_of_record
SF:lib\app\modules\register\infra\repository\register_email_password_repository_impl.dart
DA:14,0
DA:18,0
DA:22,0
DA:23,0
DA:24,0
DA:27,0
DA:28,0
DA:29,0
DA:30,0
DA:31,0
DA:36,0
DA:37,0
DA:38,0
DA:44,0
DA:45,0
DA:46,0
DA:51,0
DA:52,0
DA:53,0
LF:19
LH:0
end_of_record
