SF:lib\app\modules\register\domain\entity\register_email_password_entity.dart
DA:5,1
LF:1
LH:1
end_of_record
SF:lib\app\modules\register\domain\helpers\exceptions.dart
DA:4,2
DA:8,1
DA:10,1
DA:14,2
LF:4
LH:4
end_of_record
SF:lib\app\modules\register\domain\usecases\implementations\register_email_password_usecase_impl.dart
DA:13,1
DA:15,1
DA:18,2
DA:19,1
DA:20,1
DA:25,2
DA:26,1
DA:27,1
DA:34,2
LF:9
LH:9
end_of_record
SF:lib\app\core\helpers\app_exceptions.dart
DA:3,1
DA:9,0
DA:12,0
DA:16,2
LF:4
LH:2
end_of_record
SF:lib\app\modules\register\domain\helpers\validators.dart
DA:1,1
DA:2,1
DA:3,1
DA:9,1
DA:19,1
DA:22,1
LF:6
LH:6
end_of_record
